[2025-01-26T21:38:14.061+0000] {local_task_job_runner.py:123} INFO - ::group::Pre task execution logs
[2025-01-26T21:38:14.086+0000] {taskinstance.py:2613} INFO - Dependencies all met for dep_context=non-requeueable deps ti=<TaskInstance: crypto_pipeline.LoadCrypto manual__2025-01-26T21:37:30.724657+00:00 [queued]>
[2025-01-26T21:38:14.101+0000] {taskinstance.py:2613} INFO - Dependencies all met for dep_context=requeueable deps ti=<TaskInstance: crypto_pipeline.LoadCrypto manual__2025-01-26T21:37:30.724657+00:00 [queued]>
[2025-01-26T21:38:14.102+0000] {taskinstance.py:2866} INFO - Starting attempt 1 of 2
[2025-01-26T21:38:14.135+0000] {taskinstance.py:2889} INFO - Executing <Task(PythonOperator): LoadCrypto> on 2025-01-26 21:37:30.724657+00:00
[2025-01-26T21:38:14.148+0000] {warnings.py:112} WARNING - /home/***/.local/lib/python3.12/site-packages/***/task/task_runner/standard_task_runner.py:70: DeprecationWarning: This process (pid=1083) is multi-threaded, use of fork() may lead to deadlocks in the child.
  pid = os.fork()

[2025-01-26T21:38:14.151+0000] {standard_task_runner.py:72} INFO - Started process 1084 to run task
[2025-01-26T21:38:14.150+0000] {standard_task_runner.py:104} INFO - Running: ['***', 'tasks', 'run', 'crypto_pipeline', 'LoadCrypto', 'manual__2025-01-26T21:37:30.724657+00:00', '--job-id', '38', '--raw', '--subdir', 'DAGS_FOLDER/crypto_dag.py', '--cfg-path', '/tmp/tmp3zq14khn']
[2025-01-26T21:38:14.154+0000] {standard_task_runner.py:105} INFO - Job 38: Subtask LoadCrypto
[2025-01-26T21:38:14.217+0000] {task_command.py:467} INFO - Running <TaskInstance: crypto_pipeline.LoadCrypto manual__2025-01-26T21:37:30.724657+00:00 [running]> on host 7bd917790fe1
[2025-01-26T21:38:14.322+0000] {taskinstance.py:3132} INFO - Exporting env vars: AIRFLOW_CTX_DAG_OWNER='***' AIRFLOW_CTX_DAG_ID='crypto_pipeline' AIRFLOW_CTX_TASK_ID='LoadCrypto' AIRFLOW_CTX_EXECUTION_DATE='2025-01-26T21:37:30.724657+00:00' AIRFLOW_CTX_TRY_NUMBER='1' AIRFLOW_CTX_DAG_RUN_ID='manual__2025-01-26T21:37:30.724657+00:00'
[2025-01-26T21:38:14.324+0000] {taskinstance.py:731} INFO - ::endgroup::
[2025-01-26T21:38:14.339+0000] {store_crypto.py:48} INFO - Storing cryptocurrency data in the database...
[2025-01-26T21:38:14.348+0000] {python.py:240} INFO - Done. Returned value was: None
[2025-01-26T21:38:14.360+0000] {taskinstance.py:340} INFO - ::group::Post task execution logs
[2025-01-26T21:38:14.361+0000] {taskinstance.py:352} INFO - Marking task as SUCCESS. dag_id=crypto_pipeline, task_id=LoadCrypto, run_id=manual__2025-01-26T21:37:30.724657+00:00, execution_date=20250126T213730, start_date=20250126T213814, end_date=20250126T213814
[2025-01-26T21:38:14.407+0000] {local_task_job_runner.py:266} INFO - Task exited with return code 0
[2025-01-26T21:38:14.428+0000] {taskinstance.py:3895} INFO - 0 downstream tasks scheduled from follow-on schedule check
[2025-01-26T21:38:14.431+0000] {local_task_job_runner.py:245} INFO - ::endgroup::
