[2025-01-26T21:35:06.467+0000] {local_task_job_runner.py:123} INFO - ::group::Pre task execution logs
[2025-01-26T21:35:06.487+0000] {taskinstance.py:2613} INFO - Dependencies all met for dep_context=non-requeueable deps ti=<TaskInstance: crypto_pipeline.TransformCrypto manual__2025-01-26T21:34:51.174949+00:00 [queued]>
[2025-01-26T21:35:06.498+0000] {taskinstance.py:2613} INFO - Dependencies all met for dep_context=requeueable deps ti=<TaskInstance: crypto_pipeline.TransformCrypto manual__2025-01-26T21:34:51.174949+00:00 [queued]>
[2025-01-26T21:35:06.499+0000] {taskinstance.py:2866} INFO - Starting attempt 1 of 2
[2025-01-26T21:35:06.517+0000] {taskinstance.py:2889} INFO - Executing <Task(PythonOperator): TransformCrypto> on 2025-01-26 21:34:51.174949+00:00
[2025-01-26T21:35:06.525+0000] {warnings.py:112} WARNING - /home/***/.local/lib/python3.12/site-packages/***/task/task_runner/standard_task_runner.py:70: DeprecationWarning: This process (pid=1026) is multi-threaded, use of fork() may lead to deadlocks in the child.
  pid = os.fork()

[2025-01-26T21:35:06.527+0000] {standard_task_runner.py:72} INFO - Started process 1027 to run task
[2025-01-26T21:35:06.527+0000] {standard_task_runner.py:104} INFO - Running: ['***', 'tasks', 'run', 'crypto_pipeline', 'TransformCrypto', 'manual__2025-01-26T21:34:51.174949+00:00', '--job-id', '31', '--raw', '--subdir', 'DAGS_FOLDER/crypto_dag.py', '--cfg-path', '/tmp/tmp6sfrrjum']
[2025-01-26T21:35:06.530+0000] {standard_task_runner.py:105} INFO - Job 31: Subtask TransformCrypto
[2025-01-26T21:35:06.586+0000] {task_command.py:467} INFO - Running <TaskInstance: crypto_pipeline.TransformCrypto manual__2025-01-26T21:34:51.174949+00:00 [running]> on host 7bd917790fe1
[2025-01-26T21:35:06.694+0000] {taskinstance.py:3132} INFO - Exporting env vars: AIRFLOW_CTX_DAG_OWNER='***' AIRFLOW_CTX_DAG_ID='crypto_pipeline' AIRFLOW_CTX_TASK_ID='TransformCrypto' AIRFLOW_CTX_EXECUTION_DATE='2025-01-26T21:34:51.174949+00:00' AIRFLOW_CTX_TRY_NUMBER='1' AIRFLOW_CTX_DAG_RUN_ID='manual__2025-01-26T21:34:51.174949+00:00'
[2025-01-26T21:35:06.696+0000] {taskinstance.py:731} INFO - ::endgroup::
[2025-01-26T21:35:06.894+0000] {transform_crypto.py:31} INFO - Transforming cryptocurrency data...
[2025-01-26T21:35:06.904+0000] {python.py:240} INFO - Done. Returned value was: [{'id': 1, 'name': 'Bitcoin', 'symbol': 'BTC', 'rank': 1, 'slug': 'bitcoin', 'is_active': 1, 'first_historical_data': '2010-07-13T00:05:00.000Z', 'last_historical_data': '2025-01-26T21:25:00.000Z'}, {'id': 1027, 'name': 'Ethereum', 'symbol': 'ETH', 'rank': 2, 'slug': 'ethereum', 'is_active': 1, 'first_historical_data': '2015-08-07T14:45:00.000Z', 'last_historical_data': '2025-01-26T21:25:00.000Z'}, {'id': 52, 'name': 'XRP', 'symbol': 'XRP', 'rank': 3, 'slug': 'xrp', 'is_active': 1, 'first_historical_data': '2013-08-04T18:50:00.000Z', 'last_historical_data': '2025-01-26T21:25:00.000Z'}, {'id': 825, 'name': 'Tether USDt', 'symbol': 'USDT', 'rank': 4, 'slug': 'tether', 'is_active': 1, 'first_historical_data': '2015-02-25T13:30:00.000Z', 'last_historical_data': '2025-01-26T21:25:00.000Z'}, {'id': 5426, 'name': 'Solana', 'symbol': 'SOL', 'rank': 5, 'slug': 'solana', 'is_active': 1, 'first_historical_data': '2020-04-10T04:55:00.000Z', 'last_historical_data': '2025-01-26T21:25:00.000Z'}, {'id': 1839, 'name': 'BNB', 'symbol': 'BNB', 'rank': 6, 'slug': 'bnb', 'is_active': 1, 'first_historical_data': '2017-07-25T04:30:00.000Z', 'last_historical_data': '2025-01-26T21:25:00.000Z'}, {'id': 3408, 'name': 'USDC', 'symbol': 'USDC', 'rank': 7, 'slug': 'usd-coin', 'is_active': 1, 'first_historical_data': '2018-10-08T18:45:00.000Z', 'last_historical_data': '2025-01-26T21:25:00.000Z'}, {'id': 74, 'name': 'Dogecoin', 'symbol': 'DOGE', 'rank': 8, 'slug': 'dogecoin', 'is_active': 1, 'first_historical_data': '2013-12-15T14:40:00.000Z', 'last_historical_data': '2025-01-26T21:25:00.000Z'}, {'id': 2010, 'name': 'Cardano', 'symbol': 'ADA', 'rank': 9, 'slug': 'cardano', 'is_active': 1, 'first_historical_data': '2017-10-01T20:30:00.000Z', 'last_historical_data': '2025-01-26T21:25:00.000Z'}, {'id': 1958, 'name': 'TRON', 'symbol': 'TRX', 'rank': 10, 'slug': 'tron', 'is_active': 1, 'first_historical_data': '2017-09-13T01:15:00.000Z', 'last_historical_data': '2025-01-26T21:25:00.000Z'}]
[2025-01-26T21:35:06.936+0000] {taskinstance.py:340} INFO - ::group::Post task execution logs
[2025-01-26T21:35:06.937+0000] {taskinstance.py:352} INFO - Marking task as SUCCESS. dag_id=crypto_pipeline, task_id=TransformCrypto, run_id=manual__2025-01-26T21:34:51.174949+00:00, execution_date=20250126T213451, start_date=20250126T213506, end_date=20250126T213506
[2025-01-26T21:35:06.985+0000] {local_task_job_runner.py:266} INFO - Task exited with return code 0
[2025-01-26T21:35:07.009+0000] {taskinstance.py:3895} INFO - 1 downstream tasks scheduled from follow-on schedule check
[2025-01-26T21:35:07.013+0000] {local_task_job_runner.py:245} INFO - ::endgroup::
